C51 COMPILER V9.54   MAIN                                                                  08/22/2024 13:18:04 PAGE 1   


C51 COMPILER V9.54, COMPILATION OF MODULE MAIN
OBJECT MODULE PLACED IN .\Objects\main.obj
COMPILER INVOKED BY: E:\Keil5 C51\C51\BIN\C51.EXE main.c OPTIMIZE(8,SPEED) BROWSE DEBUG OBJECTEXTEND PRINT(.\Listings\ma
                    -in.lst) TABS(2) OBJECT(.\Objects\main.obj)

line level    source

   1          #include <REGX52.H>
   2          #include "Timer0.h"
   3          #include "Delay.h"
   4          
   5          sbit Buzzer=P2^5;
   6          
   7          #define SPEED   250           //ÂÆö‰πâÈü≥Á¨¶Êó∂Èïø 500ms‰∏∫‰∏Ä‰∏™4ÂàÜÈü≥Á¨¶
   8                                        //‰∏ÄÊãçÈïø=SPEED/Êõ≤Èü≥Á¨¶*‰ª•16ÂàÜ‰πã1‰∏∫Âü∫ÂáÜ1ÁöÑÈü≥Á¨¶Êï∞
   9                                        
  10          //Èü≥Á¨¶‰∏éÁ¥¢ÂºïÂØπÂ∫îË°®ÔºåPÔºö‰ºëÊ≠¢Á¨¶ÔºåLÔºö‰ΩéÈü≥ÔºåMÔºö‰∏≠Èü≥ÔºåHÔºöÈ´òÈü≥Ôºå‰∏ãÂàíÁ∫øÔºöÂçáÂçäÈü≥Á
             -¨¶Âè∑#
  11          #define x   0                               
  12          #define L1  1
  13          #define L1_ 2
  14          #define L2  3
  15          #define L2_ 4
  16          #define L3  5
  17          #define L4  6
  18          #define L4_ 7
  19          #define L5  8
  20          #define L5_ 9
  21          #define L6  10
  22          #define L6_ 11
  23          #define L7  12
  24          #define M1  13
  25          #define M1_ 14
  26          #define M2  15
  27          #define M2_ 16
  28          #define M3  17
  29          #define M4  18
  30          #define M4_ 19
  31          #define M5  20
  32          #define M5_ 21
  33          #define M6  22
  34          #define M6_ 23
  35          #define M7  24
  36          #define H1  25
  37          #define H1_ 26
  38          #define H2  27
  39          #define H2_ 28
  40          #define H3  29
  41          #define H4  30
  42          #define H4_ 31
  43          #define H5  32
  44          #define H5_ 33
  45          #define H6  34
  46          #define H6_ 35
  47          #define H7  36
  48          #define B1  37
  49          #define B1_ 38
  50          #define B2  39
  51          #define B2_ 40
  52          #define B3  41
  53          #define B4  42
C51 COMPILER V9.54   MAIN                                                                  08/22/2024 13:18:04 PAGE 2   

  54          #define B4_ 43
  55          #define B5  44
  56          #define B5_ 45
  57          #define B6  46
  58          #define B6_ 47
  59          #define B7  48
  60          
  61          
  62          unsigned int FreqTable[]=     //Èü≥Á¨¶È¢ëÁéáÂØπÂ∫îÁöÑÈáçË£ÖËΩΩÂÄº ÂÆåÊàêÈü≥È´òÈÉ®ÂàÜ Á¨¨0‰∏™~Á¨¨36‰∏™ Ë∑≥Ëøá
             -Á¨¨0‰ºöÂìíÂìíÂìçÔºÅ
  63          {   0,          
  64              63628,63731,63835,63928,64021,64103,64185,64260,64331,64400,64463,64524,
  65              64580,64633,64684,64732,64777,64820,64860,64898,64934,64968,65000,65030,
  66              65058,65085,65110,65134,65157,65178,65198,65217,65235,65252,65268,65283,
  67              65323,65335,65346,65357,65367,65377,65386,65394,65402,65409,65410,65411   
  68          };
  69          
  70          unsigned char FreqSelect=0,MusicSelect;   
  71          
  72          unsigned char code Music[]=       //Ë∞±Â≠êÊó∂ÈïøÁ¥ßË∑üÈü≥Á¨¶
  73          {                   
  74            //1
  75              x,4,
  76              x,4,
  77              B3,4,
  78              B5,4,
  79            
  80              B2,4+4,
  81              B1,4,
  82              H7,2,
  83              B5,2,
  84            
  85              B2,4+4,
  86              B1,4,
  87              H7,2,
  88              B3,2,
  89            
  90              B1,4+4,
  91              H7,4,
  92              H6,4,
  93              
  94              
  95              x,4,
  96              x,4,
  97              x,4,
  98              x,4,
  99              
 100              M4,16,
 101              
 102              M5,16,
 103              
 104              M6,16,
 105              
 106            //2
 107              H3,2+2,
 108              B1,2+2,
 109              H7,2+2,
 110              H5,2,
 111              B5,2,
 112              
 113              B2,4+4,
 114              B1,4,
C51 COMPILER V9.54   MAIN                                                                  08/22/2024 13:18:04 PAGE 3   

 115              H7,2,
 116              B5,2,
 117              
 118              B2,4+4,
 119              B1,4,
 120              H7,2,
 121              B3,2,
 122              
 123              B1,8,
 124              H7,4,
 125              H6,4,
 126              
 127              L6,16,
 128              
 129              L4,2,
 130              M1,2,
 131              M4,12,
 132              
 133              L5,2,
 134              M2,2,
 135              M5,12,
 136              
 137              L6,2,
 138              M3,2,
 139              M6,12,
 140              
 141            //3
 142              H3,4,
 143              B1,4,
 144              H7,4,
 145              H5,4,
 146              
 147              H6,2,
 148              H5,2,
 149              H6,2,
 150              B3,4,
 151              x,4,
 152              H6,2,
 153              
 154              H6,2,
 155              H5,2,
 156              H6,2,
 157              B2,6,
 158              B1,4,
 159              
 160              H7,4,
 161              H5,4,
 162              H3,4,
 163              H2,4,
 164              
 165              L6,2,
 166              M3,2,
 167              M6,4,
 168              x,8,
 169              
 170              L4,2,
 171              M1,2,
 172              M4,4,
 173              x,8,
 174              
 175              L5,2,
 176              M2,2,
C51 COMPILER V9.54   MAIN                                                                  08/22/2024 13:18:04 PAGE 4   

 177              M5,4,
 178              x,8,
 179              
 180              L6,2,
 181              M3,2,
 182              M6,4,
 183              x,8,
 184              
 185              //4
 186              B1,4,
 187              H7,4,
 188              H6,4,
 189              H5,4,
 190              
 191              H6,2,
 192              H5,2,
 193              H6,2,
 194              B3,4,
 195              x,4,
 196              H6,2,
 197              
 198              H6,2,
 199              H5,2,
 200              H6,2,
 201              B2,6,
 202              B1,4,
 203              
 204              H7,6,
 205              H6,6,
 206              x,4,
 207              
 208              L6,2,
 209              M3,2,
 210              M6,4,
 211              x,8,
 212              
 213              L4,2,
 214              M1,2,
 215              M4,4,
 216              x,8,
 217              
 218              L5,2,
 219              M2,2,
 220              M5,4,
 221              x,8,
 222              
 223              L6,2,
 224              M3,2,
 225              M6,4,
 226              x,8,
 227              
 228            //5
 229              H6,4,
 230              x,4,
 231              H3,4,
 232              H5,4,
 233              
 234              H2,8,
 235              H1,4,
 236              M7,2,
 237              H5,2,
 238              
C51 COMPILER V9.54   MAIN                                                                  08/22/2024 13:18:04 PAGE 5   

 239              H2,8,
 240              H1,4,
 241              M7,2,
 242              H3,2,
 243              
 244              H1,8,
 245              M7,4,
 246              M6,4,
 247              
 248              L6,2,
 249              M3,2,
 250              M6,4,
 251              x,8,
 252              
 253              L4,2,
 254              M1,2,
 255              M4,4,
 256              x,8,
 257              
 258              L5,2,
 259              M2,2,
 260              M5,4,
 261              x,8,
 262              
 263              L6,2,
 264              M3,2,
 265              M6,4,
 266              x,8,
 267              
 268            //6
 269              H3,4,
 270              B1,4,
 271              H7,4,
 272              H5,4,
 273              
 274              B2,4,
 275              B1,4,
 276              M7,4,
 277              B5,4,
 278              
 279              B2,4+4,
 280              B1,4,
 281              H7,2,
 282              B3,2,
 283              
 284              B1,8,
 285              H7,4,
 286              H6,4,
 287              
 288              L6,2,
 289              M3,2,
 290              M6,4,
 291              x,8,
 292              
 293              L4,2,
 294              M1,2,
 295              M4,4,
 296              x,8,
 297              
 298              L5,2,
 299              M2,2,
 300              M5,4,
C51 COMPILER V9.54   MAIN                                                                  08/22/2024 13:18:04 PAGE 6   

 301              x,8,
 302              
 303              L6,2,
 304              M3,2,
 305              M6,4,
 306              x,8,
 307              
 308            //7
 309              M3,4,
 310              H1,4,
 311              B1,2,
 312              H7,2,
 313              H6,2,
 314              H5,2,
 315              
 316              B2,4,
 317              B1,4,
 318              M7,4,
 319              B5,4,
 320              
 321              B2,4+4,
 322              B1,4,
 323              H7,2,
 324              B3,2,
 325              
 326              B1,8,
 327              H7,4,
 328              H6,4,
 329              
 330              L6,2,
 331              M3,2,
 332              M6,4,
 333              x,8,
 334              
 335              L4,2,
 336              M1,2,
 337              M4,4,
 338              x,8,
 339              
 340              L5,2,
 341              M2,2,
 342              M5,4,
 343              x,8,
 344              
 345              L6,2,
 346              M3,2,
 347              M6,4,
 348              x,8,
 349              0xff                                      //ÁªàÊ≠¢Á¨¶
 350          };
 351          
 352          void main()
 353          {     
 354   1          Timer0_Init();                            //ÂÆöÊó∂Âô®1msÂêéÊ∫¢Âá∫ Ë∞ÉÁî®‰∏≠Êñ≠ÂáΩÊï∞
 355   1          while(1)                                  //‰∏≠Êñ≠Ë¥üË¥£ÊîπÈ¢ëÁéáÔºåwhileË¥üË¥£Ëµã‰∫àÊó∂Èó¥Áî®‰ΩúÂèëÂ£∞
 356   1          {
 357   2              if(Music[MusicSelect]!=0xff)
 358   2              {
 359   3              FreqSelect=Music[MusicSelect];        //Ë∞ÉÁî®Ë∞±Â≠êÈü≥È´ò
 360   3            
 361   3              MusicSelect++;                        //ÈÄâÂèñË∞±Â≠êÈü≥Èïø
 362   3            
C51 COMPILER V9.54   MAIN                                                                  08/22/2024 13:18:04 PAGE 7   

 363   3              Delay(SPEED/4*Music[MusicSelect]);    //Ë∞ÉÁî®Ë∞±Â≠êÈü≥Èïø Music[MusicSelect]
 364   3            
 365   3              MusicSelect++;                        //ÈÄâÂèñË∞±Â≠êÈü≥È´ò
 366   3                
 367   3              TR0=0;                                //Ê®°ÊãüÊä¨ÊâãÂä®‰Ωú
 368   3              Delay(5);
 369   3              TR0=1;                                //TR0=1ÂÖÅËÆ∏T0ÂºÄÂßãËÆ°Êï∞
 370   3              }
 371   2              else
 372   2              {
 373   3                  TR0=0;while(1);                   //ÂÅúÊ≠¢Êí≠Êîæ
 374   3      //            MusicSelect=0;                    //ÂçïÊõ≤Âæ™ÁéØ
 375   3              }
 376   2          }
 377   1      }
 378          
 379          void Timer0_Routine() interrupt 1             //ËøõÂÖ•‰∏≠Êñ≠ÂáΩÊï∞ Èü≥‰πêÂáΩÊï∞ÂºÄÂßãËøêË°å
 380          {   
 381   1          if(FreqTable[FreqSelect])                   //Â¶ÇÊûúÊòØ‰ºëÊ≠¢Á¨¶0 Ë∑≥ËøáÔºåÈùû0Âç≥1 ËøêË°å
 382   1          {
 383   2              TL0 = FreqTable[FreqSelect]%256;      //Èü≥Á¨¶ È¢ëÁéá Âë®Êúü ÂèñÊï¥ ÈáçË£ÖËΩΩÂÄº
 384   2              TH0 = FreqTable[FreqSelect]/256;      //ÂÆöÊó∂Âô®Ê®°Âºè1 16‰ΩçÈáçËΩΩ
 385   2              Buzzer=!Buzzer;                       //Âë®Êúü2ms È¢ëÁéá500HZ
 386   2          }
 387   1      }
 388          
 389          /* Â∞èÊòüÊòü
 390              12,4,
 391              12,4,
 392              19,4,
 393              19,4,
 394              21,4,
 395              21,4,
 396              19,4+4,
 397              37,4,
 398              17,4,
 399              17,4,
 400              16,4,
 401              16,4,
 402              14,4,
 403              14,4,
 404              12,4+4,
 405          */
 406          /* Â§©Á©∫‰πãÂüé
 407              //1
 408            x,  4,
 409            x,  4,
 410            x,  4,
 411            M6, 2,
 412            M7, 2,
 413            
 414            H1, 4+2,
 415            M7, 2,
 416            H1, 4,
 417            H3, 4,
 418            
 419            M7, 4+4+4,
 420            M3, 2,
 421            M3, 2,
 422            
 423            //2
 424            M6, 4+2,
C51 COMPILER V9.54   MAIN                                                                  08/22/2024 13:18:04 PAGE 8   

 425            M5, 2,
 426            M6, 4,
 427            H1, 4,
 428            
 429            M5, 4+4+4,
 430            M3, 4,
 431            
 432            M4, 4+2,
 433            M3, 2,
 434            M4, 4,
 435            H1, 4,
 436            
 437            //3
 438            M3, 4+4,
 439            x,  2,
 440            H1, 2,
 441            H1, 2,
 442            H1, 2,
 443            
 444            M7, 4+2,
 445            M4_,2,
 446            M4_,4,
 447            M7, 4,
 448            
 449            M7, 8,
 450            x,  4,
 451            M6, 2,
 452            M7, 2,
 453            
 454            //4
 455            H1, 4+2,
 456            M7, 2,
 457            H1, 4,
 458            H3, 4,
 459            
 460            M7, 4+4+4,
 461            M3, 2,
 462            M3, 2,
 463            
 464            M6, 4+2,
 465            M5, 2,
 466            M6, 4,
 467            H1, 4,
 468            
 469            //5
 470            M5, 4+4+4,
 471            M2, 2,
 472            M3, 2,
 473            
 474            M4, 4,
 475            H1, 2,
 476            M7, 2+2,
 477            H1, 2+4,
 478            
 479            H2, 2,
 480            H2, 2,
 481            H3, 2,
 482            H1, 2+4+4,
 483            
 484            //6
 485            H1, 2,
 486            M7, 2,
C51 COMPILER V9.54   MAIN                                                                  08/22/2024 13:18:04 PAGE 9   

 487            M6, 2,
 488            M6, 2,
 489            M7, 4,
 490            M5_,4,
 491            
 492            
 493            M6, 4+4+4,
 494            H1, 2,
 495            H2, 2,
 496            
 497            H3, 4+2,
 498            H2, 2,
 499            H3, 4,
 500            H5, 4,
 501            
 502            //7
 503            H2, 4+4+4,
 504            M5, 2,
 505            M5, 2,
 506            
 507            H1, 4+2,
 508            M7, 2,
 509            H1, 4,
 510            H3, 4,
 511            
 512            H3, 4+4+4+4,
 513            
 514            //8
 515            M6, 2,
 516            M7, 2,
 517            H1, 4,
 518            M7, 4,
 519            H2, 2,
 520            H2, 2,
 521            
 522            H1, 4+2,
 523            M5, 2+4+4,
 524            
 525            H4, 4,
 526            H3, 4,
 527            H3, 4,
 528            H1, 4,
 529            
 530            //9
 531            H3, 4+4+4,
 532            H3, 4,
 533            
 534            H6, 4+4,
 535            H5, 4,
 536            H5, 4,
 537            
 538            H3, 2,
 539            H2, 2,
 540            H1, 4+4,
 541            x,  2,
 542            H1, 2,
 543            
 544            //10
 545            H2, 4,
 546            H1, 2,
 547            H2, 2,
 548            H2, 4,
C51 COMPILER V9.54   MAIN                                                                  08/22/2024 13:18:04 PAGE 10  

 549            H5, 4,
 550            
 551            H3, 4+4+4,
 552            H3, 4,
 553            
 554            H6, 4+4,
 555            H5, 4+4,
 556            
 557            //11
 558            H3, 2,
 559            H2, 2,
 560            H1, 4+4,
 561            x,  2,
 562            H1, 2,
 563            
 564            H2, 4,
 565            H1, 2,
 566            H2, 2+4,
 567            M7, 4,
 568            
 569            M6, 4+4+4,
 570            x,  4,
 571          */
 572          /*
 573              Èü≥È´ò 96 ÂØπÂ∫îÁöÑÈ¢ëÁéá‰∏∫ 2093.004522404789 Hz
 574              Èü≥È´ò 97 ÂØπÂ∫îÁöÑÈ¢ëÁéá‰∏∫ 2217.4610478149766 Hz
 575              Èü≥È´ò 98 ÂØπÂ∫îÁöÑÈ¢ëÁéá‰∏∫ 2349.318143339261 Hz
 576              Èü≥È´ò 99 ÂØπÂ∫îÁöÑÈ¢ëÁéá‰∏∫ 2489.0158697766474 Hz
 577              Èü≥È´ò 100 ÂØπÂ∫îÁöÑÈ¢ëÁéá‰∏∫ 2637.020455302959 Hz
 578              Èü≥È´ò 101 ÂØπÂ∫îÁöÑÈ¢ëÁéá‰∏∫ 2793.8258514640315 Hz
 579              Èü≥È´ò 102 ÂØπÂ∫îÁöÑÈ¢ëÁéá‰∏∫ 2959.955381693075 Hz
 580              Èü≥È´ò 103 ÂØπÂ∫îÁöÑÈ¢ëÁéá‰∏∫ 3135.9634878539937 Hz
 581              Èü≥È´ò 104 ÂØπÂ∫îÁöÑÈ¢ëÁéá‰∏∫ 3322.4375806395615 Hz
 582              Èü≥È´ò 105 ÂØπÂ∫îÁöÑÈ¢ëÁéá‰∏∫ 3520.0 Hz
 583              Èü≥È´ò 106 ÂØπÂ∫îÁöÑÈ¢ëÁéá‰∏∫ 3729.3100921447212 Hz
 584              Èü≥È´ò 107 ÂØπÂ∫îÁöÑÈ¢ëÁéá‰∏∫ 3951.0664100489917 Hz
 585          */
 586          
 587          /*
 588            //1
 589              x,4,
 590              x,4,
 591              B3,4,
 592              B5,4,
 593            
 594              B2,4+4,
 595              B1,4,
 596              H7,2,
 597              B5,2,
 598            
 599              B2,4+4,
 600              B1,4,
 601              H7,2,
 602              B3,2,
 603            
 604              B1,4+4,
 605              H7,4,
 606              H6,4,
 607              
 608              
 609              x,4,
 610              x,4,
C51 COMPILER V9.54   MAIN                                                                  08/22/2024 13:18:04 PAGE 11  

 611              x,4,
 612              x,4,
 613              
 614              M4,16,
 615              
 616              M5,16,
 617              
 618              M6,16,
 619              
 620            //2
 621              H3,2+2,
 622              B1,2+2,
 623              H7,2+2,
 624              H5,2,
 625              B5,2,
 626              
 627              B2,4+4,
 628              B1,4,
 629              H7,2,
 630              B5,2,
 631              
 632              B2,4+4,
 633              B1,4,
 634              H7,2,
 635              B3,2,
 636              
 637              B1,8,
 638              H7,4,
 639              H6,4,
 640              
 641              L6,16,
 642              
 643              L4,2,
 644              M1,2,
 645              M4,12,
 646              
 647              L5,2,
 648              M2,2,
 649              M5,12,
 650              
 651              L6,2,
 652              M3,2,
 653              M6,12,
 654              
 655            //3
 656              H3,4,
 657              B1,4,
 658              H7,4,
 659              H5,4,
 660              
 661              H6,2,
 662              H5,2,
 663              H6,2,
 664              B3,4,
 665              x,4,
 666              H6,2,
 667              
 668              H6,2,
 669              H5,2,
 670              H6,2,
 671              B2,6,
 672              B1,4,
C51 COMPILER V9.54   MAIN                                                                  08/22/2024 13:18:04 PAGE 12  

 673              
 674              H7,4,
 675              H5,4,
 676              H3,4,
 677              H2,4,
 678              
 679              L6,2,
 680              M3,2,
 681              M6,4,
 682              x,8,
 683              
 684              L4,2,
 685              M1,2,
 686              M4,4,
 687              x,8,
 688              
 689              L5,2,
 690              M2,2,
 691              M5,4,
 692              x,8,
 693              
 694              L6,2,
 695              M3,2,
 696              M6,4,
 697              x,8,
 698              
 699              //4
 700              B1,4,
 701              H7,4,
 702              H6,4,
 703              H5,4,
 704              
 705              H6,2,
 706              H5,2,
 707              H6,2,
 708              B3,4,
 709              x,4,
 710              H6,2,
 711              
 712              H6,2,
 713              H5,2,
 714              H6,2,
 715              B2,6,
 716              B1,4,
 717              
 718              H7,6,
 719              H6,6,
 720              x,4,
 721              
 722              L6,2,
 723              M3,2,
 724              M6,4,
 725              x,8,
 726              
 727              L4,2,
 728              M1,2,
 729              M4,4,
 730              x,8,
 731              
 732              L5,2,
 733              M2,2,
 734              M5,4,
C51 COMPILER V9.54   MAIN                                                                  08/22/2024 13:18:04 PAGE 13  

 735              x,8,
 736              
 737              L6,2,
 738              M3,2,
 739              M6,4,
 740              x,8,
 741              
 742            //5
 743              H6,4,
 744              x,4,
 745              H3,4,
 746              H5,4,
 747              
 748              H2,8,
 749              H1,4,
 750              M7,2,
 751              H5,2,
 752              
 753              H2,8,
 754              H1,4,
 755              M7,2,
 756              H3,2,
 757              
 758              H1,8,
 759              M7,4,
 760              M6,4,
 761              
 762              L6,2,
 763              M3,2,
 764              M6,4,
 765              x,8,
 766              
 767              L4,2,
 768              M1,2,
 769              M4,4,
 770              x,8,
 771              
 772              L5,2,
 773              M2,2,
 774              M5,4,
 775              x,8,
 776              
 777              L6,2,
 778              M3,2,
 779              M6,4,
 780              x,8,
 781              
 782            //6
 783              H3,4,
 784              B1,4,
 785              H7,4,
 786              H5,4,
 787              
 788              B2,4,
 789              B1,4,
 790              M7,4,
 791              B5,4,
 792              
 793              B2,4+4,
 794              B1,4,
 795              H7,2,
 796              B3,2,
C51 COMPILER V9.54   MAIN                                                                  08/22/2024 13:18:04 PAGE 14  

 797              
 798              B1,8,
 799              H7,4,
 800              H6,4,
 801              
 802              L6,2,
 803              M3,2,
 804              M6,4,
 805              x,8,
 806              
 807              L4,2,
 808              M1,2,
 809              M4,4,
 810              x,8,
 811              
 812              L5,2,
 813              M2,2,
 814              M5,4,
 815              x,8,
 816              
 817              L6,2,
 818              M3,2,
 819              M6,4,
 820              x,8,
 821              
 822            //7
 823              M3,4,
 824              H1,4,
 825              B1,2,
 826              H7,2,
 827              H6,2,
 828              H5,2,
 829              
 830              B2,4,
 831              B1,4,
 832              M7,4,
 833              B5,4,
 834              
 835              B2,4+4,
 836              B1,4,
 837              H7,2,
 838              B3,2,
 839              
 840              B1,8,
 841              H7,4,
 842              H6,4,
 843              
 844              L6,2,
 845              M3,2,
 846              M6,4,
 847              x,8,
 848              
 849              L4,2,
 850              M1,2,
 851              M4,4,
 852              x,8,
 853              
 854              L5,2,
 855              M2,2,
 856              M5,4,
 857              x,8,
 858              
C51 COMPILER V9.54   MAIN                                                                  08/22/2024 13:18:04 PAGE 15  

 859              L6,2,
 860              M3,2,
 861              M6,4,
 862              x,8,
 863          */


MODULE INFORMATION:   STATIC OVERLAYABLE
   CODE SIZE        =    101    ----
   CONSTANT SIZE    =    425    ----
   XDATA SIZE       =   ----    ----
   PDATA SIZE       =   ----    ----
   DATA SIZE        =    100    ----
   IDATA SIZE       =   ----    ----
   BIT SIZE         =   ----    ----
END OF MODULE INFORMATION.


C51 COMPILATION COMPLETE.  0 WARNING(S),  0 ERROR(S)
