C51 COMPILER V9.54   MATRIXLED                                                             08/13/2024 19:43:16 PAGE 1   


C51 COMPILER V9.54, COMPILATION OF MODULE MATRIXLED
OBJECT MODULE PLACED IN .\Objects\MatrixLED.obj
COMPILER INVOKED BY: E:\Keil5 C51\C51\BIN\C51.EXE MatrixLED.c OPTIMIZE(8,SPEED) BROWSE DEBUG OBJECTEXTEND PRINT(.\Listin
                    -gs\MatrixLED.lst) TABS(2) OBJECT(.\Objects\MatrixLED.obj)

line level    source

   1          #include <REGX52.H>
   2          #include "Delay.h"
   3          
   4          #define MATRIX_LED_PORT  P0
   5          
   6          sbit SCK=P3^6;      //SRCLK 上升沿移位
   7          sbit RCK=P3^5;      //RCLK，上升沿锁存 
   8          sbit SER=P3^4;
   9          
  10          /**
  11            * @brief 点阵屏初始化
  12            * @param 无
  13            * @retval 无
  14            */
  15          
  16          void MatrixLED_Init()
  17          {
  18   1          RCK=0;                      //上升沿锁存 初始高电平清零
  19   1          SCK=0;                      //上升沿移位 初始高电平清零
  20   1      
  21   1      }
  22          
  23          /**
  24            * @brief 74HC595显示函数 写入一个字节
  25            * @param Byte 要写入的字节
  26            * @retval 无
  27            */
  28          
  29          
  30          void _74HC595_WriteByte(unsigned char Byte)// 声明显示函数
  31          {
  32   1          unsigned char i;            //char 位数小
  33   1          for(i=0;i<8;i++)            //定义i，循环8次，串行输入；一起发送，并行输出
  34   1          {
  35   2              SER=Byte&(0x80>>i);     //0x80按位右移
  36   2              SCK=1;                  //上升沿移位，读取SER
  37   2              SCK=0;                  //清零，等待下次
  38   2          }
  39   1                                      /*Byte是8位，SER是一位，非0即1
  40   1                                      让SER依次得到8位，
  41   1                                      用Byte&1000 0000(0x80),0100 0000(0x40),
  42   1                                      依次排位确认各个位的数字
  43   1                                      */
  44   1          
  45   1          RCK=1;                      //并行输出
  46   1          RCK=0;                      //清零
  47   1          
  48   1      }
  49          
  50          /**
  51            * @brief LED点阵屏选取函数
  52            * @param column 要选择的列 范围：左数0~7 0为选取
  53            * @param Date 列上的显示数据 高位在上 1为亮
  54            * @retval 无
C51 COMPILER V9.54   MATRIXLED                                                             08/13/2024 19:43:16 PAGE 2   

  55            */
  56          
  57          void MatrixLED_Show (unsigned char column,Date)//声明选取函数，位选，段选两个形参
  58          {
  59   1          _74HC595_WriteByte(Date);   //Date数据1亮    段选  共阳极
  60   1          P0=~(0x80>>column);         //列数取反0给P0 位选 共阴极
  61   1          Delay(1);                   //消影
  62   1          MATRIX_LED_PORT=0xff;       //位选清零
  63   1      }


MODULE INFORMATION:   STATIC OVERLAYABLE
   CODE SIZE        =     84    ----
   CONSTANT SIZE    =   ----    ----
   XDATA SIZE       =   ----    ----
   PDATA SIZE       =   ----    ----
   DATA SIZE        =   ----    ----
   IDATA SIZE       =   ----    ----
   BIT SIZE         =   ----    ----
END OF MODULE INFORMATION.


C51 COMPILATION COMPLETE.  0 WARNING(S),  0 ERROR(S)
