C51 COMPILER V9.54   TIMER0                                                                08/13/2024 11:01:23 PAGE 1   


C51 COMPILER V9.54, COMPILATION OF MODULE TIMER0
OBJECT MODULE PLACED IN .\Objects\Timer0.obj
COMPILER INVOKED BY: E:\Keil5 C51\C51\BIN\C51.EXE Timer0.c OPTIMIZE(8,SPEED) BROWSE DEBUG OBJECTEXTEND PRINT(.\Listings\
                    -Timer0.lst) TABS(2) OBJECT(.\Objects\Timer0.obj)

line level    source

   1          #include <REGX52.H>
   2          
   3          void Timer0_Init(void)    //1毫秒@11.0592MHz
   4          {
   5   1        TMOD &= 0xF0;     //设置定时器模式
   6   1        TMOD |= 0x01;     //设置定时器模式
   7   1        TL0 = 0x66;       //设置定时初始值 1ms值溢出
   8   1        TH0 = 0xFC;       //设置定时初始值  值溢出则进入中断函数
   9   1        TF0 = 0;        //清除TF0标志
  10   1        TR0 = 1;        //定时器0开始计时
  11   1        ET0=1;
  12   1        EA=1;
  13   1        PT0=0;
  14   1      }
  15          
  16          /*定时器中断函数模板,配合使用
  17          void Timer0_Routine() interrupt 1
  18          {
  19            static unsigned int T0count;
  20            TL0 = 0x66;       //设置定时初始值
  21            TH0 = 0xFC;       //设置定时初始值
  22              T0count++;
  23              if(T0count>=1000)
  24              {
  25                  T0count=0;
  26                  P2=~P2; //LED亮灭       
  27              }
  28          }
  29          */


MODULE INFORMATION:   STATIC OVERLAYABLE
   CODE SIZE        =     23    ----
   CONSTANT SIZE    =   ----    ----
   XDATA SIZE       =   ----    ----
   PDATA SIZE       =   ----    ----
   DATA SIZE        =   ----    ----
   IDATA SIZE       =   ----    ----
   BIT SIZE         =   ----    ----
END OF MODULE INFORMATION.


C51 COMPILATION COMPLETE.  0 WARNING(S),  0 ERROR(S)
